BSDTI-human_cold-d=3-p=3-bs=4-d_seg=8-k=0.3-TD=2-T_dim=256-T_dp=0.1-head=8-sim=0.01-epc=30-bth=80-lr=0.001-rep=80-mlp=2-pnd=[1024, 512, 256, 128]-least=1-seed=1
Direct load processed data~~~
Direct load processed data~~~
Direct load processed data~~~
Total training data = 2467
Total validation data = 115
Total test data = 242
Epoch 0





 90%|██████████████████████████████████████████████████████████████████████████████████████████████████████████████████████████████████████████████████████████████▉                 | 28/31 [00:11<00:01,  2.48it/s]
100%|████████████████████████████████████████████████████████████████████████████████████████████████████████████████████████████████████████████████████████████████████████████████| 31/31 [00:12<00:00,  2.47it/s]
100%|██████████████████████████████████████████████████████████████████████████████████████████████████████████████████████████████████████████████████████████████████████████████████| 2/2 [00:00<00:00,  2.48it/s]
  0%|                                                                                                                                                                                          | 0/4 [00:00<?, ?it/s]
BSDTI-human_cold-d=3-p=3-bs=4-d_seg=8-k=0.3-TD=2-T_dim=256-T_dp=0.1-head=8-sim=0.01-epc=30-bth=80-lr=0.001-rep=80-mlp=2-pnd=[1024, 512, 256, 128]-least=1-seed=1
[[143   0]
 [ 99   0]]
Epoch 0 Training loss: 1754.547 Val F1:0.000 Test F1:0.000
mcc 0.000 F1:0.000 PRC:0.556 AUC:0.704 ACC:0.591
precision: 0.000 recall:0.000 Balanced Accuracy:0.500
%0.5RE: 0.0 %1.0RE: 1.44 %2.0RE: 1.44 %5.0RE: 1.08
  Class loss = 14.649 BS loss = 1739.898
100%|██████████████████████████████████████████████████████████████████████████████████████████████████████████████████████████████████████████████████████████████████████████████████| 4/4 [00:01<00:00,  3.97it/s]





 90%|██████████████████████████████████████████████████████████████████████████████████████████████████████████████████████████████████████████████████████████████▉                 | 28/31 [00:10<00:01,  2.59it/s]
Learning rate: 0.0008100000000000001
BSDTI-human_cold-d=3-p=3-bs=4-d_seg=8-k=0.3-TD=2-T_dim=256-T_dp=0.1-head=8-sim=0.01-epc=30-bth=80-lr=0.001-rep=80-mlp=2-pnd=[1024, 512, 256, 128]-least=1-seed=1
[[94 49]
 [13 86]]
Epoch 1 Training loss: 1854.676 Val F1:0.773 Test F1:0.735
mcc 0.521 F1:0.735 PRC:0.723 AUC:0.824 ACC:0.744
precision: 0.637 recall:0.869 Balanced Accuracy:0.763
%0.5RE: 7.22 %1.0RE: 4.33 %2.0RE: 2.89 %5.0RE: 4.51
  Class loss = 12.510 BS loss = 1842.166
best_f1:0.7350
100%|████████████████████████████████████████████████████████████████████████████████████████████████████████████████████████████████████████████████████████████████████████████████| 31/31 [00:11<00:00,  2.59it/s]
100%|██████████████████████████████████████████████████████████████████████████████████████████████████████████████████████████████████████████████████████████████████████████████████| 2/2 [00:00<00:00,  4.81it/s]
100%|██████████████████████████████████████████████████████████████████████████████████████████████████████████████████████████████████████████████████████████████████████████████████| 4/4 [00:00<00:00,  4.22it/s]





 87%|█████████████████████████████████████████████████████████████████████████████████████████████████████████████████████████████████████████████████████████▎                      | 27/31 [00:11<00:01,  2.36it/s]
100%|████████████████████████████████████████████████████████████████████████████████████████████████████████████████████████████████████████████████████████████████████████████████| 31/31 [00:12<00:00,  2.40it/s]
100%|██████████████████████████████████████████████████████████████████████████████████████████████████████████████████████████████████████████████████████████████████████████████████| 2/2 [00:00<00:00,  3.75it/s]
  0%|                                                                                                                                                                                          | 0/4 [00:00<?, ?it/s]
BSDTI-human_cold-d=3-p=3-bs=4-d_seg=8-k=0.3-TD=2-T_dim=256-T_dp=0.1-head=8-sim=0.01-epc=30-bth=80-lr=0.001-rep=80-mlp=2-pnd=[1024, 512, 256, 128]-least=1-seed=1
[[113  30]
 [ 42  57]]
Epoch 2 Training loss: 990.592 Val F1:0.636 Test F1:0.613
mcc 0.375 F1:0.613 PRC:0.745 AUC:0.780 ACC:0.702
precision: 0.655 recall:0.576 Balanced Accuracy:0.683
%0.5RE: 14.44 %1.0RE: 19.5 %2.0RE: 13.48 %5.0RE: 7.04
  Class loss = 11.152 BS loss = 979.440
best_f1:0.7350
100%|██████████████████████████████████████████████████████████████████████████████████████████████████████████████████████████████████████████████████████████████████████████████████| 4/4 [00:01<00:00,  3.40it/s]





 87%|█████████████████████████████████████████████████████████████████████████████████████████████████████████████████████████████████████████████████████████▎                      | 27/31 [00:10<00:01,  2.56it/s]
100%|████████████████████████████████████████████████████████████████████████████████████████████████████████████████████████████████████████████████████████████████████████████████| 31/31 [00:12<00:00,  2.50it/s]
100%|██████████████████████████████████████████████████████████████████████████████████████████████████████████████████████████████████████████████████████████████████████████████████| 2/2 [00:00<00:00,  4.07it/s]
  0%|                                                                                                                                                                                          | 0/4 [00:00<?, ?it/s]
BSDTI-human_cold-d=3-p=3-bs=4-d_seg=8-k=0.3-TD=2-T_dim=256-T_dp=0.1-head=8-sim=0.01-epc=30-bth=80-lr=0.001-rep=80-mlp=2-pnd=[1024, 512, 256, 128]-least=1-seed=1
[[98 45]
 [11 88]]
Epoch 3 Training loss: 598.693 Val F1:0.857 Test F1:0.759
mcc 0.567 F1:0.759 PRC:0.859 AUC:0.893 ACC:0.769
precision: 0.662 recall:0.889 Balanced Accuracy:0.787
%0.5RE: 17.33 %1.0RE: 15.89 %2.0RE: 13.0 %5.0RE: 11.38
  Class loss = 10.445 BS loss = 588.248
best_f1:0.7586
100%|██████████████████████████████████████████████████████████████████████████████████████████████████████████████████████████████████████████████████████████████████████████████████| 4/4 [00:01<00:00,  3.62it/s]





 90%|██████████████████████████████████████████████████████████████████████████████████████████████████████████████████████████████████████████████████████████████▉                 | 28/31 [00:10<00:01,  2.66it/s]
Learning rate: 0.00059049
BSDTI-human_cold-d=3-p=3-bs=4-d_seg=8-k=0.3-TD=2-T_dim=256-T_dp=0.1-head=8-sim=0.01-epc=30-bth=80-lr=0.001-rep=80-mlp=2-pnd=[1024, 512, 256, 128]-least=1-seed=1
[[122  21]
 [ 33  66]]
Epoch 4 Training loss: 450.330 Val F1:0.792 Test F1:0.710
mcc 0.533 F1:0.710 PRC:0.853 AUC:0.883 ACC:0.777
precision: 0.759 recall:0.667 Balanced Accuracy:0.760
%0.5RE: 30.33 %1.0RE: 25.28 %2.0RE: 17.81 %5.0RE: 9.57
  Class loss = 10.403 BS loss = 439.926
best_f1:0.7586
100%|████████████████████████████████████████████████████████████████████████████████████████████████████████████████████████████████████████████████████████████████████████████████| 31/31 [00:11<00:00,  2.61it/s]
100%|██████████████████████████████████████████████████████████████████████████████████████████████████████████████████████████████████████████████████████████████████████████████████| 2/2 [00:00<00:00,  4.23it/s]
100%|██████████████████████████████████████████████████████████████████████████████████████████████████████████████████████████████████████████████████████████████████████████████████| 4/4 [00:00<00:00,  4.27it/s]




 81%|█████████████████████████████████████████████████████████████████████████████████████████████████████████████████████████████████████████████▉                                  | 25/31 [00:09<00:02,  2.54it/s]

 97%|██████████████████████████████████████████████████████████████████████████████████████████████████████████████████████████████████████████████████████████████████████████▎     | 30/31 [00:11<00:00,  2.59it/s]
BSDTI-human_cold-d=3-p=3-bs=4-d_seg=8-k=0.3-TD=2-T_dim=256-T_dp=0.1-head=8-sim=0.01-epc=30-bth=80-lr=0.001-rep=80-mlp=2-pnd=[1024, 512, 256, 128]-least=1-seed=1
[[129  14]
 [ 36  63]]
Epoch 5 Training loss: 383.413 Val F1:0.825 Test F1:0.716
mcc 0.568 F1:0.716 PRC:0.847 AUC:0.891 ACC:0.793
precision: 0.818 recall:0.636 Balanced Accuracy:0.769
%0.5RE: 33.22 %1.0RE: 18.78 %2.0RE: 13.96 %5.0RE: 8.67
  Class loss = 9.501 BS loss = 373.912
best_f1:0.7586
100%|████████████████████████████████████████████████████████████████████████████████████████████████████████████████████████████████████████████████████████████████████████████████| 31/31 [00:12<00:00,  2.58it/s]
100%|██████████████████████████████████████████████████████████████████████████████████████████████████████████████████████████████████████████████████████████████████████████████████| 2/2 [00:00<00:00,  4.37it/s]
100%|██████████████████████████████████████████████████████████████████████████████████████████████████████████████████████████████████████████████████████████████████████████████████| 4/4 [00:00<00:00,  4.11it/s]





 94%|████████████████████████████████████████████████████████████████████████████████████████████████████████████████████████████████████████████████████████████████████▋           | 29/31 [00:10<00:00,  2.56it/s]
100%|████████████████████████████████████████████████████████████████████████████████████████████████████████████████████████████████████████████████████████████████████████████████| 31/31 [00:11<00:00,  2.77it/s]
100%|██████████████████████████████████████████████████████████████████████████████████████████████████████████████████████████████████████████████████████████████████████████████████| 2/2 [00:00<00:00,  3.39it/s]
 25%|████████████████████████████████████████████▌                                                                                                                                     | 1/4 [00:00<00:00,  3.25it/s]
BSDTI-human_cold-d=3-p=3-bs=4-d_seg=8-k=0.3-TD=2-T_dim=256-T_dp=0.1-head=8-sim=0.01-epc=30-bth=80-lr=0.001-rep=80-mlp=2-pnd=[1024, 512, 256, 128]-least=1-seed=1
[[117  26]
 [ 20  79]]
Epoch 6 Training loss: 290.863 Val F1:0.811 Test F1:0.775
mcc 0.611 F1:0.775 PRC:0.859 AUC:0.888 ACC:0.810
precision: 0.752 recall:0.798 Balanced Accuracy:0.808
%0.5RE: 33.22 %1.0RE: 23.11 %2.0RE: 16.85 %5.0RE: 9.75
  Class loss = 8.437 BS loss = 282.426
best_f1:0.7586
100%|██████████████████████████████████████████████████████████████████████████████████████████████████████████████████████████████████████████████████████████████████████████████████| 4/4 [00:01<00:00,  3.71it/s]





 87%|█████████████████████████████████████████████████████████████████████████████████████████████████████████████████████████████████████████████████████████▎                      | 27/31 [00:11<00:01,  2.57it/s]
100%|████████████████████████████████████████████████████████████████████████████████████████████████████████████████████████████████████████████████████████████████████████████████| 31/31 [00:13<00:00,  2.37it/s]
 50%|█████████████████████████████████████████████████████████████████████████████████████████                                                                                         | 1/2 [00:00<00:00,  2.99it/s]
BSDTI-human_cold-d=3-p=3-bs=4-d_seg=8-k=0.3-TD=2-T_dim=256-T_dp=0.1-head=8-sim=0.01-epc=30-bth=80-lr=0.001-rep=80-mlp=2-pnd=[1024, 512, 256, 128]-least=1-seed=1
[[126  17]
 [ 32  67]]
Epoch 7 Training loss: 232.611 Val F1:0.832 Test F1:0.732
mcc 0.576 F1:0.732 PRC:0.870 AUC:0.900 ACC:0.798
precision: 0.798 recall:0.677 Balanced Accuracy:0.779
%0.5RE: 41.89 %1.0RE: 28.17 %2.0RE: 18.78 %5.0RE: 10.47
  Class loss = 8.583 BS loss = 224.028
best_f1:0.7586
100%|██████████████████████████████████████████████████████████████████████████████████████████████████████████████████████████████████████████████████████████████████████████████████| 2/2 [00:00<00:00,  3.27it/s]
100%|██████████████████████████████████████████████████████████████████████████████████████████████████████████████████████████████████████████████████████████████████████████████████| 4/4 [00:01<00:00,  2.85it/s]






 97%|██████████████████████████████████████████████████████████████████████████████████████████████████████████████████████████████████████████████████████████████████████████▎     | 30/31 [00:12<00:00,  2.47it/s]
Learning rate: 0.000387420489
BSDTI-human_cold-d=3-p=3-bs=4-d_seg=8-k=0.3-TD=2-T_dim=256-T_dp=0.1-head=8-sim=0.01-epc=30-bth=80-lr=0.001-rep=80-mlp=2-pnd=[1024, 512, 256, 128]-least=1-seed=1
[[109  34]
 [ 19  80]]
Epoch 8 Training loss: 179.464 Val F1:0.838 Test F1:0.751
mcc 0.562 F1:0.751 PRC:0.854 AUC:0.880 ACC:0.781
precision: 0.702 recall:0.808 Balanced Accuracy:0.785
%0.5RE: 37.56 %1.0RE: 27.44 %2.0RE: 20.7 %5.0RE: 9.57
  Class loss = 8.012 BS loss = 171.452
best_f1:0.7586
100%|████████████████████████████████████████████████████████████████████████████████████████████████████████████████████████████████████████████████████████████████████████████████| 31/31 [00:12<00:00,  2.46it/s]
100%|██████████████████████████████████████████████████████████████████████████████████████████████████████████████████████████████████████████████████████████████████████████████████| 2/2 [00:00<00:00,  3.77it/s]
100%|██████████████████████████████████████████████████████████████████████████████████████████████████████████████████████████████████████████████████████████████████████████████████| 4/4 [00:01<00:00,  3.65it/s]






 87%|█████████████████████████████████████████████████████████████████████████████████████████████████████████████████████████████████████████████████████████▎                      | 27/31 [00:11<00:02,  1.84it/s]
100%|████████████████████████████████████████████████████████████████████████████████████████████████████████████████████████████████████████████████████████████████████████████████| 31/31 [00:13<00:00,  2.32it/s]
100%|██████████████████████████████████████████████████████████████████████████████████████████████████████████████████████████████████████████████████████████████████████████████████| 2/2 [00:00<00:00,  3.79it/s]
 25%|████████████████████████████████████████████▌                                                                                                                                     | 1/4 [00:00<00:00,  3.38it/s]
BSDTI-human_cold-d=3-p=3-bs=4-d_seg=8-k=0.3-TD=2-T_dim=256-T_dp=0.1-head=8-sim=0.01-epc=30-bth=80-lr=0.001-rep=80-mlp=2-pnd=[1024, 512, 256, 128]-least=1-seed=1
[[115  28]
 [ 19  80]]
Epoch 9 Training loss: 176.496 Val F1:0.862 Test F1:0.773
mcc 0.606 F1:0.773 PRC:0.873 AUC:0.903 ACC:0.806
precision: 0.741 recall:0.808 Balanced Accuracy:0.806
%0.5RE: 28.89 %1.0RE: 25.28 %2.0RE: 20.7 %5.0RE: 11.01
  Class loss = 7.189 BS loss = 169.308
best_f1:0.7729
100%|██████████████████████████████████████████████████████████████████████████████████████████████████████████████████████████████████████████████████████████████████████████████████| 4/4 [00:01<00:00,  3.89it/s]





100%|████████████████████████████████████████████████████████████████████████████████████████████████████████████████████████████████████████████████████████████████████████████████| 31/31 [00:13<00:00,  2.35it/s]
  0%|                                                                                                                                                                                          | 0/2 [00:00<?, ?it/s]
100%|██████████████████████████████████████████████████████████████████████████████████████████████████████████████████████████████████████████████████████████████████████████████████| 2/2 [00:00<00:00,  2.63it/s]
100%|██████████████████████████████████████████████████████████████████████████████████████████████████████████████████████████████████████████████████████████████████████████████████| 4/4 [00:00<00:00,  4.02it/s]
  0%|                                                                                                                                                                                         | 0/31 [00:00<?, ?it/s]
BSDTI-human_cold-d=3-p=3-bs=4-d_seg=8-k=0.3-TD=2-T_dim=256-T_dp=0.1-head=8-sim=0.01-epc=30-bth=80-lr=0.001-rep=80-mlp=2-pnd=[1024, 512, 256, 128]-least=1-seed=1
[[133  10]
 [ 39  60]]
Epoch 10 Training loss: 161.571 Val F1:0.776 Test F1:0.710
mcc 0.581 F1:0.710 PRC:0.860 AUC:0.877 ACC:0.798
precision: 0.857 recall:0.606 Balanced Accuracy:0.768
%0.5RE: 44.78 %1.0RE: 31.78 %2.0RE: 23.59 %5.0RE: 10.65
  Class loss = 7.179 BS loss = 154.392
best_f1:0.7729






 90%|██████████████████████████████████████████████████████████████████████████████████████████████████████████████████████████████████████████████████████████████▉                 | 28/31 [00:11<00:01,  2.42it/s]
100%|████████████████████████████████████████████████████████████████████████████████████████████████████████████████████████████████████████████████████████████████████████████████| 31/31 [00:13<00:00,  2.35it/s]
100%|██████████████████████████████████████████████████████████████████████████████████████████████████████████████████████████████████████████████████████████████████████████████████| 2/2 [00:00<00:00,  3.64it/s]
 25%|████████████████████████████████████████████▌                                                                                                                                     | 1/4 [00:00<00:00,  3.53it/s]
BSDTI-human_cold-d=3-p=3-bs=4-d_seg=8-k=0.3-TD=2-T_dim=256-T_dp=0.1-head=8-sim=0.01-epc=30-bth=80-lr=0.001-rep=80-mlp=2-pnd=[1024, 512, 256, 128]-least=1-seed=1
[[119  24]
 [ 19  80]]
Epoch 11 Training loss: 146.324 Val F1:0.832 Test F1:0.788
mcc 0.636 F1:0.788 PRC:0.863 AUC:0.897 ACC:0.822
precision: 0.769 recall:0.808 Balanced Accuracy:0.820
%0.5RE: 20.22 %1.0RE: 32.5 %2.0RE: 22.15 %5.0RE: 9.21
  Class loss = 6.539 BS loss = 139.785
best_f1:0.7729
100%|██████████████████████████████████████████████████████████████████████████████████████████████████████████████████████████████████████████████████████████████████████████████████| 4/4 [00:01<00:00,  3.30it/s]





100%|████████████████████████████████████████████████████████████████████████████████████████████████████████████████████████████████████████████████████████████████████████████████| 31/31 [00:13<00:00,  2.34it/s]
  0%|                                                                                                                                                                                          | 0/2 [00:00<?, ?it/s]
100%|██████████████████████████████████████████████████████████████████████████████████████████████████████████████████████████████████████████████████████████████████████████████████| 2/2 [00:00<00:00,  3.91it/s]
100%|██████████████████████████████████████████████████████████████████████████████████████████████████████████████████████████████████████████████████████████████████████████████████| 4/4 [00:00<00:00,  4.00it/s]
  3%|█████▋                                                                                                                                                                           | 1/31 [00:00<00:11,  2.58it/s]
BSDTI-human_cold-d=3-p=3-bs=4-d_seg=8-k=0.3-TD=2-T_dim=256-T_dp=0.1-head=8-sim=0.01-epc=30-bth=80-lr=0.001-rep=80-mlp=2-pnd=[1024, 512, 256, 128]-least=1-seed=1
[[128  15]
 [ 32  67]]
Epoch 12 Training loss: 159.140 Val F1:0.824 Test F1:0.740
mcc 0.594 F1:0.740 PRC:0.869 AUC:0.890 ACC:0.806
precision: 0.817 recall:0.677 Balanced Accuracy:0.786
%0.5RE: 36.11 %1.0RE: 29.61 %2.0RE: 23.59 %5.0RE: 10.83
  Class loss = 6.672 BS loss = 152.467
best_f1:0.7729






 94%|████████████████████████████████████████████████████████████████████████████████████████████████████████████████████████████████████████████████████████████████████▋           | 29/31 [00:12<00:00,  2.38it/s]
100%|████████████████████████████████████████████████████████████████████████████████████████████████████████████████████████████████████████████████████████████████████████████████| 31/31 [00:13<00:00,  2.37it/s]
100%|██████████████████████████████████████████████████████████████████████████████████████████████████████████████████████████████████████████████████████████████████████████████████| 2/2 [00:00<00:00,  3.82it/s]
 75%|█████████████████████████████████████████████████████████████████████████████████████████████████████████████████████████████████████▌                                            | 3/4 [00:00<00:00,  3.59it/s]
BSDTI-human_cold-d=3-p=3-bs=4-d_seg=8-k=0.3-TD=2-T_dim=256-T_dp=0.1-head=8-sim=0.01-epc=30-bth=80-lr=0.001-rep=80-mlp=2-pnd=[1024, 512, 256, 128]-least=1-seed=1
[[127  16]
 [ 38  61]]
Epoch 13 Training loss: 140.655 Val F1:0.808 Test F1:0.693
mcc 0.532 F1:0.693 PRC:0.858 AUC:0.881 ACC:0.777
precision: 0.792 recall:0.616 Balanced Accuracy:0.752
%0.5RE: 52.0 %1.0RE: 27.44 %2.0RE: 20.7 %5.0RE: 10.29
  Class loss = 6.085 BS loss = 134.569
best_f1:0.7729
100%|██████████████████████████████████████████████████████████████████████████████████████████████████████████████████████████████████████████████████████████████████████████████████| 4/4 [00:01<00:00,  3.92it/s]





100%|████████████████████████████████████████████████████████████████████████████████████████████████████████████████████████████████████████████████████████████████████████████████| 31/31 [00:13<00:00,  2.31it/s]
100%|██████████████████████████████████████████████████████████████████████████████████████████████████████████████████████████████████████████████████████████████████████████████████| 2/2 [00:00<00:00,  3.80it/s]
  0%|                                                                                                                                                                                          | 0/4 [00:00<?, ?it/s]
Learning rate: 0.00020589113209464906
BSDTI-human_cold-d=3-p=3-bs=4-d_seg=8-k=0.3-TD=2-T_dim=256-T_dp=0.1-head=8-sim=0.01-epc=30-bth=80-lr=0.001-rep=80-mlp=2-pnd=[1024, 512, 256, 128]-least=1-seed=1
[[119  24]
 [ 24  75]]
Epoch 14 Training loss: 140.136 Val F1:0.819 Test F1:0.758
mcc 0.590 F1:0.758 PRC:0.854 AUC:0.878 ACC:0.802
precision: 0.758 recall:0.758 Balanced Accuracy:0.795
%0.5RE: 39.0 %1.0RE: 19.5 %2.0RE: 19.74 %5.0RE: 9.75
  Class loss = 5.832 BS loss = 134.304
best_f1:0.7729
100%|██████████████████████████████████████████████████████████████████████████████████████████████████████████████████████████████████████████████████████████████████████████████████| 4/4 [00:00<00:00,  4.16it/s]





100%|████████████████████████████████████████████████████████████████████████████████████████████████████████████████████████████████████████████████████████████████████████████████| 31/31 [00:12<00:00,  2.39it/s]
  0%|                                                                                                                                                                                          | 0/2 [00:00<?, ?it/s]
100%|██████████████████████████████████████████████████████████████████████████████████████████████████████████████████████████████████████████████████████████████████████████████████| 2/2 [00:00<00:00,  2.64it/s]
100%|██████████████████████████████████████████████████████████████████████████████████████████████████████████████████████████████████████████████████████████████████████████████████| 4/4 [00:01<00:00,  3.49it/s]
  0%|                                                                                                                                                                                         | 0/31 [00:00<?, ?it/s]
BSDTI-human_cold-d=3-p=3-bs=4-d_seg=8-k=0.3-TD=2-T_dim=256-T_dp=0.1-head=8-sim=0.01-epc=30-bth=80-lr=0.001-rep=80-mlp=2-pnd=[1024, 512, 256, 128]-least=1-seed=1
[[116  27]
 [ 21  78]]
Epoch 15 Training loss: 157.185 Val F1:0.821 Test F1:0.765
mcc 0.594 F1:0.765 PRC:0.858 AUC:0.892 ACC:0.802
precision: 0.743 recall:0.788 Balanced Accuracy:0.800
%0.5RE: 27.44 %1.0RE: 15.89 %2.0RE: 17.33 %5.0RE: 10.11
  Class loss = 5.952 BS loss = 151.232
best_f1:0.7729






 87%|█████████████████████████████████████████████████████████████████████████████████████████████████████████████████████████████████████████████████████████▎                      | 27/31 [00:11<00:01,  2.37it/s]
100%|████████████████████████████████████████████████████████████████████████████████████████████████████████████████████████████████████████████████████████████████████████████████| 31/31 [00:13<00:00,  2.37it/s]
 50%|█████████████████████████████████████████████████████████████████████████████████████████                                                                                         | 1/2 [00:00<00:00,  2.65it/s]
BSDTI-human_cold-d=3-p=3-bs=4-d_seg=8-k=0.3-TD=2-T_dim=256-T_dp=0.1-head=8-sim=0.01-epc=30-bth=80-lr=0.001-rep=80-mlp=2-pnd=[1024, 512, 256, 128]-least=1-seed=1
[[126  17]
 [ 32  67]]
Epoch 16 Training loss: 121.918 Val F1:0.854 Test F1:0.732
mcc 0.576 F1:0.732 PRC:0.863 AUC:0.890 ACC:0.798
precision: 0.798 recall:0.677 Balanced Accuracy:0.779
%0.5RE: 36.11 %1.0RE: 26.72 %2.0RE: 19.26 %5.0RE: 9.93
  Class loss = 5.294 BS loss = 116.624
best_f1:0.7729
100%|██████████████████████████████████████████████████████████████████████████████████████████████████████████████████████████████████████████████████████████████████████████████████| 2/2 [00:00<00:00,  2.83it/s]
100%|██████████████████████████████████████████████████████████████████████████████████████████████████████████████████████████████████████████████████████████████████████████████████| 4/4 [00:01<00:00,  3.27it/s]





100%|████████████████████████████████████████████████████████████████████████████████████████████████████████████████████████████████████████████████████████████████████████████████| 31/31 [00:12<00:00,  2.44it/s]
  0%|                                                                                                                                                                                          | 0/2 [00:00<?, ?it/s]
Learning rate: 0.0001500946352969992
BSDTI-human_cold-d=3-p=3-bs=4-d_seg=8-k=0.3-TD=2-T_dim=256-T_dp=0.1-head=8-sim=0.01-epc=30-bth=80-lr=0.001-rep=80-mlp=2-pnd=[1024, 512, 256, 128]-least=1-seed=1
[[115  28]
 [ 23  76]]
Epoch 17 Training loss: 126.441 Val F1:0.833 Test F1:0.749
mcc 0.568 F1:0.749 PRC:0.860 AUC:0.881 ACC:0.789
precision: 0.731 recall:0.768 Balanced Accuracy:0.786
%0.5RE: 54.89 %1.0RE: 28.17 %2.0RE: 18.78 %5.0RE: 9.75
  Class loss = 5.280 BS loss = 121.161
best_f1:0.7729
100%|██████████████████████████████████████████████████████████████████████████████████████████████████████████████████████████████████████████████████████████████████████████████████| 2/2 [00:00<00:00,  2.93it/s]
100%|██████████████████████████████████████████████████████████████████████████████████████████████████████████████████████████████████████████████████████████████████████████████████| 4/4 [00:00<00:00,  4.02it/s]






 97%|██████████████████████████████████████████████████████████████████████████████████████████████████████████████████████████████████████████████████████████████████████████▎     | 30/31 [00:12<00:00,  2.14it/s]
100%|████████████████████████████████████████████████████████████████████████████████████████████████████████████████████████████████████████████████████████████████████████████████| 31/31 [00:12<00:00,  2.45it/s]
100%|██████████████████████████████████████████████████████████████████████████████████████████████████████████████████████████████████████████████████████████████████████████████████| 2/2 [00:00<00:00,  4.04it/s]
100%|██████████████████████████████████████████████████████████████████████████████████████████████████████████████████████████████████████████████████████████████████████████████████| 4/4 [00:01<00:00,  3.96it/s]
  0%|                                                                                                                                                                                         | 0/31 [00:00<?, ?it/s]
BSDTI-human_cold-d=3-p=3-bs=4-d_seg=8-k=0.3-TD=2-T_dim=256-T_dp=0.1-head=8-sim=0.01-epc=30-bth=80-lr=0.001-rep=80-mlp=2-pnd=[1024, 512, 256, 128]-least=1-seed=1
[[115  28]
 [ 26  73]]
Epoch 18 Training loss: 118.766 Val F1:0.822 Test F1:0.730
mcc 0.540 F1:0.730 PRC:0.857 AUC:0.881 ACC:0.777
precision: 0.723 recall:0.737 Balanced Accuracy:0.771
%0.5RE: 46.22 %1.0RE: 26.0 %2.0RE: 23.11 %5.0RE: 9.93
  Class loss = 5.283 BS loss = 113.484
best_f1:0.7729






 87%|█████████████████████████████████████████████████████████████████████████████████████████████████████████████████████████████████████████████████████████▎                      | 27/31 [00:11<00:01,  2.53it/s]
100%|████████████████████████████████████████████████████████████████████████████████████████████████████████████████████████████████████████████████████████████████████████████████| 31/31 [00:13<00:00,  2.29it/s]
100%|██████████████████████████████████████████████████████████████████████████████████████████████████████████████████████████████████████████████████████████████████████████████████| 2/2 [00:00<00:00,  3.68it/s]
  0%|                                                                                                                                                                                          | 0/4 [00:00<?, ?it/s]
BSDTI-human_cold-d=3-p=3-bs=4-d_seg=8-k=0.3-TD=2-T_dim=256-T_dp=0.1-head=8-sim=0.01-epc=30-bth=80-lr=0.001-rep=80-mlp=2-pnd=[1024, 512, 256, 128]-least=1-seed=1
[[120  23]
 [ 24  75]]
Epoch 19 Training loss: 137.132 Val F1:0.833 Test F1:0.761
mcc 0.598 F1:0.761 PRC:0.853 AUC:0.875 ACC:0.806
precision: 0.765 recall:0.758 Balanced Accuracy:0.798
%0.5RE: 40.44 %1.0RE: 31.06 %2.0RE: 22.63 %5.0RE: 9.75
  Class loss = 5.217 BS loss = 131.915
best_f1:0.7729
100%|██████████████████████████████████████████████████████████████████████████████████████████████████████████████████████████████████████████████████████████████████████████████████| 4/4 [00:00<00:00,  4.01it/s]






 97%|██████████████████████████████████████████████████████████████████████████████████████████████████████████████████████████████████████████████████████████████████████████▎     | 30/31 [00:13<00:00,  2.36it/s]
100%|████████████████████████████████████████████████████████████████████████████████████████████████████████████████████████████████████████████████████████████████████████████████| 31/31 [00:13<00:00,  2.31it/s]
100%|██████████████████████████████████████████████████████████████████████████████████████████████████████████████████████████████████████████████████████████████████████████████████| 2/2 [00:00<00:00,  3.90it/s]
 75%|█████████████████████████████████████████████████████████████████████████████████████████████████████████████████████████████████████▌                                            | 3/4 [00:01<00:00,  2.61it/s]
BSDTI-human_cold-d=3-p=3-bs=4-d_seg=8-k=0.3-TD=2-T_dim=256-T_dp=0.1-head=8-sim=0.01-epc=30-bth=80-lr=0.001-rep=80-mlp=2-pnd=[1024, 512, 256, 128]-least=1-seed=1
[[119  24]
 [ 27  72]]
Epoch 20 Training loss: 113.058 Val F1:0.833 Test F1:0.738
mcc 0.562 F1:0.738 PRC:0.842 AUC:0.873 ACC:0.789
precision: 0.750 recall:0.727 Balanced Accuracy:0.780
%0.5RE: 24.56 %1.0RE: 23.11 %2.0RE: 17.33 %5.0RE: 9.21
  Class loss = 4.717 BS loss = 108.341
best_f1:0.7729
100%|██████████████████████████████████████████████████████████████████████████████████████████████████████████████████████████████████████████████████████████████████████████████████| 4/4 [00:01<00:00,  3.03it/s]





 87%|█████████████████████████████████████████████████████████████████████████████████████████████████████████████████████████████████████████████████████████▎                      | 27/31 [00:11<00:01,  2.17it/s]
100%|████████████████████████████████████████████████████████████████████████████████████████████████████████████████████████████████████████████████████████████████████████████████| 31/31 [00:13<00:00,  2.35it/s]
100%|██████████████████████████████████████████████████████████████████████████████████████████████████████████████████████████████████████████████████████████████████████████████████| 2/2 [00:00<00:00,  3.86it/s]
  0%|                                                                                                                                                                                          | 0/4 [00:00<?, ?it/s]
BSDTI-human_cold-d=3-p=3-bs=4-d_seg=8-k=0.3-TD=2-T_dim=256-T_dp=0.1-head=8-sim=0.01-epc=30-bth=80-lr=0.001-rep=80-mlp=2-pnd=[1024, 512, 256, 128]-least=1-seed=1
[[121  22]
 [ 32  67]]
Epoch 21 Training loss: 117.092 Val F1:0.841 Test F1:0.713
mcc 0.533 F1:0.713 PRC:0.855 AUC:0.878 ACC:0.777
precision: 0.753 recall:0.677 Balanced Accuracy:0.761
%0.5RE: 47.67 %1.0RE: 24.56 %2.0RE: 21.19 %5.0RE: 10.29
  Class loss = 4.607 BS loss = 112.485
best_f1:0.7729
100%|██████████████████████████████████████████████████████████████████████████████████████████████████████████████████████████████████████████████████████████████████████████████████| 4/4 [00:01<00:00,  3.31it/s]





100%|████████████████████████████████████████████████████████████████████████████████████████████████████████████████████████████████████████████████████████████████████████████████| 31/31 [00:12<00:00,  2.48it/s]
 50%|█████████████████████████████████████████████████████████████████████████████████████████                                                                                         | 1/2 [00:00<00:00,  2.86it/s]
Learning rate: 8.862938119652506e-05
BSDTI-human_cold-d=3-p=3-bs=4-d_seg=8-k=0.3-TD=2-T_dim=256-T_dp=0.1-head=8-sim=0.01-epc=30-bth=80-lr=0.001-rep=80-mlp=2-pnd=[1024, 512, 256, 128]-least=1-seed=1
[[126  17]
 [ 32  67]]
Epoch 22 Training loss: 103.378 Val F1:0.822 Test F1:0.732
mcc 0.576 F1:0.732 PRC:0.856 AUC:0.876 ACC:0.798
precision: 0.798 recall:0.677 Balanced Accuracy:0.779
%0.5RE: 49.11 %1.0RE: 26.0 %2.0RE: 20.22 %5.0RE: 10.65
  Class loss = 4.325 BS loss = 99.052
best_f1:0.7729
100%|██████████████████████████████████████████████████████████████████████████████████████████████████████████████████████████████████████████████████████████████████████████████████| 2/2 [00:00<00:00,  3.48it/s]
100%|██████████████████████████████████████████████████████████████████████████████████████████████████████████████████████████████████████████████████████████████████████████████████| 4/4 [00:01<00:00,  3.20it/s]






 94%|████████████████████████████████████████████████████████████████████████████████████████████████████████████████████████████████████████████████████████████████████▋           | 29/31 [00:12<00:00,  2.34it/s]
100%|████████████████████████████████████████████████████████████████████████████████████████████████████████████████████████████████████████████████████████████████████████████████| 31/31 [00:13<00:00,  2.36it/s]
100%|██████████████████████████████████████████████████████████████████████████████████████████████████████████████████████████████████████████████████████████████████████████████████| 2/2 [00:00<00:00,  3.17it/s]
 50%|█████████████████████████████████████████████████████████████████████████████████████████                                                                                         | 2/4 [00:00<00:00,  2.61it/s]
BSDTI-human_cold-d=3-p=3-bs=4-d_seg=8-k=0.3-TD=2-T_dim=256-T_dp=0.1-head=8-sim=0.01-epc=30-bth=80-lr=0.001-rep=80-mlp=2-pnd=[1024, 512, 256, 128]-least=1-seed=1
[[125  18]
 [ 29  70]]
Epoch 23 Training loss: 120.255 Val F1:0.849 Test F1:0.749
mcc 0.594 F1:0.749 PRC:0.845 AUC:0.873 ACC:0.806
precision: 0.795 recall:0.707 Balanced Accuracy:0.791
%0.5RE: 41.89 %1.0RE: 25.28 %2.0RE: 17.81 %5.0RE: 9.21
  Class loss = 4.519 BS loss = 115.736
best_f1:0.7729
100%|██████████████████████████████████████████████████████████████████████████████████████████████████████████████████████████████████████████████████████████████████████████████████| 4/4 [00:01<00:00,  3.40it/s]





100%|████████████████████████████████████████████████████████████████████████████████████████████████████████████████████████████████████████████████████████████████████████████████| 31/31 [00:13<00:00,  2.31it/s]
  0%|                                                                                                                                                                                          | 0/2 [00:00<?, ?it/s]
Learning rate: 7.17897987691853e-05
BSDTI-human_cold-d=3-p=3-bs=4-d_seg=8-k=0.3-TD=2-T_dim=256-T_dp=0.1-head=8-sim=0.01-epc=30-bth=80-lr=0.001-rep=80-mlp=2-pnd=[1024, 512, 256, 128]-least=1-seed=1
[[123  20]
 [ 29  70]]
Epoch 24 Training loss: 121.181 Val F1:0.841 Test F1:0.741
mcc 0.577 F1:0.741 PRC:0.856 AUC:0.879 ACC:0.798
precision: 0.778 recall:0.707 Balanced Accuracy:0.784
%0.5RE: 37.56 %1.0RE: 19.5 %2.0RE: 20.22 %5.0RE: 10.29
  Class loss = 4.151 BS loss = 117.030
best_f1:0.7729
100%|██████████████████████████████████████████████████████████████████████████████████████████████████████████████████████████████████████████████████████████████████████████████████| 2/2 [00:00<00:00,  3.40it/s]
100%|██████████████████████████████████████████████████████████████████████████████████████████████████████████████████████████████████████████████████████████████████████████████████| 4/4 [00:00<00:00,  4.18it/s]






100%|████████████████████████████████████████████████████████████████████████████████████████████████████████████████████████████████████████████████████████████████████████████████| 31/31 [00:14<00:00,  2.19it/s]
100%|██████████████████████████████████████████████████████████████████████████████████████████████████████████████████████████████████████████████████████████████████████████████████| 2/2 [00:00<00:00,  3.65it/s]
  0%|                                                                                                                                                                                          | 0/4 [00:00<?, ?it/s]
Learning rate: 6.461081889226677e-05
BSDTI-human_cold-d=3-p=3-bs=4-d_seg=8-k=0.3-TD=2-T_dim=256-T_dp=0.1-head=8-sim=0.01-epc=30-bth=80-lr=0.001-rep=80-mlp=2-pnd=[1024, 512, 256, 128]-least=1-seed=1
[[128  15]
 [ 38  61]]
Epoch 25 Training loss: 103.779 Val F1:0.830 Test F1:0.697
mcc 0.542 F1:0.697 PRC:0.841 AUC:0.860 ACC:0.781
precision: 0.803 recall:0.616 Balanced Accuracy:0.756
%0.5RE: 40.44 %1.0RE: 29.61 %2.0RE: 21.67 %5.0RE: 9.75
  Class loss = 3.914 BS loss = 99.864
best_f1:0.7729
100%|██████████████████████████████████████████████████████████████████████████████████████████████████████████████████████████████████████████████████████████████████████████████████| 4/4 [00:01<00:00,  3.54it/s]






 94%|████████████████████████████████████████████████████████████████████████████████████████████████████████████████████████████████████████████████████████████████████▋           | 29/31 [00:12<00:00,  2.26it/s]
100%|████████████████████████████████████████████████████████████████████████████████████████████████████████████████████████████████████████████████████████████████████████████████| 31/31 [00:13<00:00,  2.27it/s]
100%|██████████████████████████████████████████████████████████████████████████████████████████████████████████████████████████████████████████████████████████████████████████████████| 2/2 [00:00<00:00,  2.50it/s]
 25%|████████████████████████████████████████████▌                                                                                                                                     | 1/4 [00:00<00:00,  4.10it/s]
BSDTI-human_cold-d=3-p=3-bs=4-d_seg=8-k=0.3-TD=2-T_dim=256-T_dp=0.1-head=8-sim=0.01-epc=30-bth=80-lr=0.001-rep=80-mlp=2-pnd=[1024, 512, 256, 128]-least=1-seed=1
[[124  19]
 [ 30  69]]
Epoch 26 Training loss: 98.575 Val F1:0.860 Test F1:0.738
mcc 0.577 F1:0.738 PRC:0.852 AUC:0.876 ACC:0.798
precision: 0.784 recall:0.697 Balanced Accuracy:0.782
%0.5RE: 50.56 %1.0RE: 26.0 %2.0RE: 17.33 %5.0RE: 8.85
  Class loss = 3.720 BS loss = 94.855
best_f1:0.7729
100%|██████████████████████████████████████████████████████████████████████████████████████████████████████████████████████████████████████████████████████████████████████████████████| 4/4 [00:01<00:00,  3.10it/s]






 94%|████████████████████████████████████████████████████████████████████████████████████████████████████████████████████████████████████████████████████████████████████▋           | 29/31 [00:12<00:00,  2.02it/s]
100%|████████████████████████████████████████████████████████████████████████████████████████████████████████████████████████████████████████████████████████████████████████████████| 31/31 [00:13<00:00,  2.22it/s]
100%|██████████████████████████████████████████████████████████████████████████████████████████████████████████████████████████████████████████████████████████████████████████████████| 2/2 [00:00<00:00,  3.99it/s]
 50%|█████████████████████████████████████████████████████████████████████████████████████████                                                                                         | 2/4 [00:00<00:00,  3.09it/s]
BSDTI-human_cold-d=3-p=3-bs=4-d_seg=8-k=0.3-TD=2-T_dim=256-T_dp=0.1-head=8-sim=0.01-epc=30-bth=80-lr=0.001-rep=80-mlp=2-pnd=[1024, 512, 256, 128]-least=1-seed=1
[[125  18]
 [ 33  66]]
Epoch 27 Training loss: 99.055 Val F1:0.833 Test F1:0.721
mcc 0.559 F1:0.721 PRC:0.849 AUC:0.872 ACC:0.789
precision: 0.786 recall:0.667 Balanced Accuracy:0.770
%0.5RE: 40.44 %1.0RE: 27.44 %2.0RE: 22.63 %5.0RE: 9.75
  Class loss = 4.069 BS loss = 94.985
best_f1:0.7729
100%|██████████████████████████████████████████████████████████████████████████████████████████████████████████████████████████████████████████████████████████████████████████████████| 4/4 [00:01<00:00,  3.87it/s]





 87%|█████████████████████████████████████████████████████████████████████████████████████████████████████████████████████████████████████████████████████████▎                      | 27/31 [00:11<00:01,  2.30it/s]
100%|████████████████████████████████████████████████████████████████████████████████████████████████████████████████████████████████████████████████████████████████████████████████| 31/31 [00:12<00:00,  2.39it/s]
100%|██████████████████████████████████████████████████████████████████████████████████████████████████████████████████████████████████████████████████████████████████████████████████| 2/2 [00:00<00:00,  4.25it/s]
  0%|                                                                                                                                                                                          | 0/4 [00:00<?, ?it/s]
BSDTI-human_cold-d=3-p=3-bs=4-d_seg=8-k=0.3-TD=2-T_dim=256-T_dp=0.1-head=8-sim=0.01-epc=30-bth=80-lr=0.001-rep=80-mlp=2-pnd=[1024, 512, 256, 128]-least=1-seed=1
[[128  15]
 [ 33  66]]
Epoch 28 Training loss: 99.347 Val F1:0.826 Test F1:0.733
mcc 0.585 F1:0.733 PRC:0.860 AUC:0.880 ACC:0.802
precision: 0.815 recall:0.667 Balanced Accuracy:0.781
%0.5RE: 56.33 %1.0RE: 29.61 %2.0RE: 22.15 %5.0RE: 10.29
  Class loss = 3.553 BS loss = 95.794
best_f1:0.7729
100%|██████████████████████████████████████████████████████████████████████████████████████████████████████████████████████████████████████████████████████████████████████████████████| 4/4 [00:01<00:00,  3.44it/s]





100%|████████████████████████████████████████████████████████████████████████████████████████████████████████████████████████████████████████████████████████████████████████████████| 31/31 [00:13<00:00,  2.36it/s]
  0%|                                                                                                                                                                                          | 0/2 [00:00<?, ?it/s]
100%|██████████████████████████████████████████████████████████████████████████████████████████████████████████████████████████████████████████████████████████████████████████████████| 2/2 [00:00<00:00,  3.12it/s]
100%|██████████████████████████████████████████████████████████████████████████████████████████████████████████████████████████████████████████████████████████████████████████████████| 4/4 [00:01<00:00,  3.33it/s]
BSDTI-human_cold-d=3-p=3-bs=4-d_seg=8-k=0.3-TD=2-T_dim=256-T_dp=0.1-head=8-sim=0.01-epc=30-bth=80-lr=0.001-rep=80-mlp=2-pnd=[1024, 512, 256, 128]-least=1-seed=1
[[125  18]
 [ 33  66]]
Epoch 29 Training loss: 104.072 Val F1:0.849 Test F1:0.721
mcc 0.559 F1:0.721 PRC:0.862 AUC:0.875 ACC:0.789
precision: 0.786 recall:0.667 Balanced Accuracy:0.770
%0.5RE: 63.56 %1.0RE: 33.22 %2.0RE: 23.59 %5.0RE: 10.29
  Class loss = 3.640 BS loss = 100.432
best_f1:0.7729
---------Best Result---------
100%|██████████████████████████████████████████████████████████████████████████████████████████████████████████████████████████████████████████████████████████████████████████████████| 4/4 [00:01<00:00,  3.16it/s]
mcc 0.6056 F1:0.7729 PRC:0.8750 AUC:0.9005 ACC:0.8058
%0.5RE: 31.78 %1.0RE: 24.56 %2.0RE: 22.63 %5.0RE: 11.19
best vf1 model is the best on  9